<?xml version="1.0" encoding="UTF-8"?>
<!-- Generated by org.testng.reporters.JUnitXMLReporter -->
<testsuite hostname="Avinashs-MacBook-Pro.local" ignored="2" tests="0" failures="0" timestamp="16 May 2021 07:23:30 GMT" time="0.02" errors="0">
  <testcase name="verifySignUpForSpiceClubMember" time="0.0" classname="com.testingshastra.regressiontests.SpiceJetTests">
    <ignored/>
  </testcase> <!-- verifySignUpForSpiceClubMember -->
  <testcase name="verifyLoginOptionsUnderSpiceClubMembers" time="0.0" classname="com.testingshastra.regressiontests.SpiceJetTests">
    <ignored/>
  </testcase> <!-- verifyLoginOptionsUnderSpiceClubMembers -->
</testsuite>
