<?xml version="1.0" encoding="UTF-8"?>
<testng-results skipped="0" failed="0" ignored="0" total="3" passed="3">
  <reporter-output>
  </reporter-output>
  <suite name="Default suite" duration-ms="11882" started-at="2021-05-23T07:35:12Z" finished-at="2021-05-23T07:35:24Z">
    <groups>
      <group name="cucumber">
        <method signature="AbstractTestNGCucumberTests.runScenario(io.cucumber.testng.PickleWrapper, io.cucumber.testng.FeatureWrapper)[pri:0, instance:com.testingshastra.cucumber.runner.Avinash@3b2da18f]" name="runScenario" class="io.cucumber.testng.AbstractTestNGCucumberTests"/>
      </group> <!-- cucumber -->
    </groups>
    <test name="Default test" duration-ms="11882" started-at="2021-05-23T07:35:12Z" finished-at="2021-05-23T07:35:24Z">
      <class name="com.testingshastra.cucumber.runner.Avinash">
        <test-method status="PASS" signature="setUpClass()[pri:0, instance:com.testingshastra.cucumber.runner.Avinash@3b2da18f]" name="setUpClass" is-config="true" duration-ms="621" started-at="2021-05-23T07:35:12Z" finished-at="2021-05-23T07:35:12Z">
          <reporter-output>
          </reporter-output>
        </test-method> <!-- setUpClass -->
        <test-method status="PASS" signature="runScenario(io.cucumber.testng.PickleWrapper, io.cucumber.testng.FeatureWrapper)[pri:0, instance:com.testingshastra.cucumber.runner.Avinash@3b2da18f]" name="runScenario" duration-ms="6924" started-at="2021-05-23T07:35:13Z" description="Runs Cucumber Scenarios" data-provider="scenarios" finished-at="2021-05-23T07:35:19Z">
          <params>
            <param index="0">
              <value>
                <![CDATA[""]]>
              </value>
            </param>
            <param index="1">
              <value>
                <![CDATA["This is first feature to understand working of cucumber"]]>
              </value>
            </param>
          </params>
          <reporter-output>
          </reporter-output>
        </test-method> <!-- runScenario -->
        <test-method status="PASS" signature="runScenario(io.cucumber.testng.PickleWrapper, io.cucumber.testng.FeatureWrapper)[pri:0, instance:com.testingshastra.cucumber.runner.Avinash@3b2da18f]" name="runScenario" duration-ms="3869" started-at="2021-05-23T07:35:20Z" description="Runs Cucumber Scenarios" data-provider="scenarios" finished-at="2021-05-23T07:35:24Z">
          <params>
            <param index="0">
              <value>
                <![CDATA[""]]>
              </value>
            </param>
            <param index="1">
              <value>
                <![CDATA["This is first feature to understand working of cucumber"]]>
              </value>
            </param>
          </params>
          <reporter-output>
          </reporter-output>
        </test-method> <!-- runScenario -->
        <test-method status="PASS" signature="runScenario(io.cucumber.testng.PickleWrapper, io.cucumber.testng.FeatureWrapper)[pri:0, instance:com.testingshastra.cucumber.runner.Avinash@3b2da18f]" name="runScenario" duration-ms="19" started-at="2021-05-23T07:35:24Z" description="Runs Cucumber Scenarios" data-provider="scenarios" finished-at="2021-05-23T07:35:24Z">
          <params>
            <param index="0">
              <value>
                <![CDATA["Adding two numbers"]]>
              </value>
            </param>
            <param index="1">
              <value>
                <![CDATA["Second Feature"]]>
              </value>
            </param>
          </params>
          <reporter-output>
          </reporter-output>
        </test-method> <!-- runScenario -->
        <test-method status="PASS" signature="tearDownClass()[pri:0, instance:com.testingshastra.cucumber.runner.Avinash@3b2da18f]" name="tearDownClass" is-config="true" duration-ms="31" started-at="2021-05-23T07:35:24Z" finished-at="2021-05-23T07:35:24Z">
          <reporter-output>
          </reporter-output>
        </test-method> <!-- tearDownClass -->
      </class> <!-- com.testingshastra.cucumber.runner.Avinash -->
    </test> <!-- Default test -->
  </suite> <!-- Default suite -->
</testng-results>
